<?xml version="1.0" encoding="UTF-8"?>
<!-- Generated by org.testng.reporters.JUnitReportReporter -->
<testsuite skipped="0" hostname="sks-PC" name="Com.Amazon.Online.Script.Testing" tests="3" failures="0" timestamp="2021-01-23T10:38:43 IST" time="0.060" errors="0">
  <testcase name="Validategettext" time="0.039" classname="Com.Amazon.Online.Script.Testing"/>
  <system-out/>
  <testcase name="ValidateUrl" time="0.007" classname="Com.Amazon.Online.Script.Testing"/>
  <system-out/>
  <testcase name="ValidateTitle" time="0.014" classname="Com.Amazon.Online.Script.Testing"/>
  <system-out/>
</testsuite> <!-- Com.Amazon.Online.Script.Testing -->
